<?xml version="1.0" encoding="UTF-8"?>
<testsuite name="Task1FigureSpec" tests="1" skipped="0" failures="0" errors="0" timestamp="2022-10-11T18:28:41" hostname="LAPTOP-PVAGBR72" time="0.064">
  <properties/>
  <testcase name="1: check methods of interface Figure" classname="Task1FigureSpec" time="0.064"/>
  <system-out><![CDATA[]]></system-out>
  <system-err><![CDATA[]]></system-err>
</testsuite>
