<?xml version="1.0" encoding="UTF-8"?>
<testsuite name="Task3SquareInheritance" tests="1" skipped="0" failures="0" errors="0" timestamp="2022-10-11T18:28:42" hostname="LAPTOP-PVAGBR72" time="0.001">
  <properties/>
  <testcase name="3. square should extend rectangle or rectangle extend squre" classname="Task3SquareInheritance" time="0.001"/>
  <system-out><![CDATA[]]></system-out>
  <system-err><![CDATA[]]></system-err>
</testsuite>
